(25, -113) : (-27, 143) -> 261.228
(-65, -131) : (-49, 22) -> 153.834
(65, 111) : (-29, -23) -> 163.683
(98, -76) : (-122, 60) -> 258.643
(72, -37) : (-96, -113) -> 184.391
(-71, 57) : (-78, 38) -> 20.248
(-146, 114) : (148, 61) -> 298.739
(125, -17) : (79, 15) -> 56.036
(-148, -70) : (-115, 149) -> 221.472
(52, -14) : (10, 113) -> 133.765
(84, 97) : (108, -14) -> 113.565
(-4, 128) : (-73, 117) -> 69.871
(83, -26) : (-53, -83) -> 147.462
(-82, 126) : (-79, 98) -> 28.160
(149, 56) : (20, -2) -> 141.439
(-15, 130) : (-83, 141) -> 68.884
(17, -135) : (103, 132) -> 280.508
(-20, -1) : (24, -81) -> 91.302
(84, 3) : (-26, -102) -> 152.069
(14, 41) : (-35, -102) -> 151.162
